{"level":"\u001b[32minfo\u001b[39m","message":"明細一覧の取得に成功しました。","timestamp":"2025-06-29T08:08:29.781Z","件数":13}
{"amount":120,"level":"\u001b[34mdebug\u001b[39m","message":"明細の新規登録を開始します。","timestamp":"2025-06-29T08:08:50.856Z"}
{"level":"\u001b[32minfo\u001b[39m","message":"明細一覧の取得に成功しました。","timestamp":"2025-06-29T08:08:51.033Z","件数":13}
{"level":"\u001b[32minfo\u001b[39m","message":"明細一覧の取得に成功しました。","timestamp":"2025-06-29T08:19:42.447Z","件数":13}
{"level":"\u001b[32minfo\u001b[39m","message":"明細一覧の取得に成功しました。","timestamp":"2025-06-29T08:28:19.263Z","件数":13}
{"level":"\u001b[32minfo\u001b[39m","message":"明細一覧の取得に成功しました。","timestamp":"2025-06-29T08:36:26.095Z","件数":13}
{"level":"\u001b[32minfo\u001b[39m","message":"明細一覧の取得に成功しました。","timestamp":"2025-06-29T08:48:33.738Z","件数":13}
{"level":"\u001b[32minfo\u001b[39m","message":"明細一覧の取得に成功しました。","timestamp":"2025-06-29T08:48:40.508Z","件数":13}
{"amount":8900,"level":"\u001b[34mdebug\u001b[39m","message":"明細の新規登録を開始します。","timestamp":"2025-06-29T08:49:02.258Z"}
{"level":"\u001b[32minfo\u001b[39m","message":"明細一覧の取得に成功しました。","timestamp":"2025-06-29T08:49:02.421Z","件数":13}
{"level":"\u001b[32minfo\u001b[39m","message":"明細一覧の取得に成功しました。","timestamp":"2025-06-29T08:49:41.403Z","件数":13}
{"level":"\u001b[32minfo\u001b[39m","message":"明細一覧の取得に成功しました。","timestamp":"2025-06-29T08:49:46.900Z","件数":13}
{"level":"\u001b[32minfo\u001b[39m","message":"明細一覧の取得に成功しました。","timestamp":"2025-06-29T11:55:47.967Z","件数":13}
{"level":"\u001b[32minfo\u001b[39m","message":"明細一覧の取得に成功しました。","timestamp":"2025-06-29T11:55:55.286Z","件数":13}
{"level":"\u001b[32minfo\u001b[39m","message":"明細一覧の取得に成功しました。","timestamp":"2025-06-29T11:56:00.896Z","件数":13}
{"amount":8900,"level":"\u001b[34mdebug\u001b[39m","message":"明細の新規登録を開始します。","timestamp":"2025-06-29T11:56:30.528Z"}
{"level":"\u001b[32minfo\u001b[39m","message":"明細一覧の取得に成功しました。","timestamp":"2025-06-29T11:56:30.674Z","件数":13}
{"level":"\u001b[32minfo\u001b[39m","message":"明細一覧の取得に成功しました。","timestamp":"2025-06-29T11:56:47.467Z","件数":13}
{"level":"\u001b[32minfo\u001b[39m","message":"明細一覧の取得に成功しました。","timestamp":"2025-06-29T11:56:50.929Z","件数":13}
{"level":"\u001b[32minfo\u001b[39m","message":"明細一覧の取得に成功しました。","timestamp":"2025-06-29T12:04:11.683Z","件数":13}
{"level":"\u001b[32minfo\u001b[39m","message":"明細一覧の取得に成功しました。","timestamp":"2025-06-29T12:04:13.905Z","件数":13}
{"amount":1000,"level":"\u001b[34mdebug\u001b[39m","message":"明細の新規登録を開始します。","timestamp":"2025-06-29T12:04:27.613Z"}
{"level":"\u001b[32minfo\u001b[39m","message":"明細一覧の取得に成功しました。","timestamp":"2025-06-29T12:04:27.665Z","件数":13}
{"level":"\u001b[32minfo\u001b[39m","message":"明細一覧の取得に成功しました。","timestamp":"2025-06-29T12:04:47.028Z","件数":13}
{"level":"\u001b[32minfo\u001b[39m","message":"明細一覧の取得に成功しました。","timestamp":"2025-06-29T12:04:49.998Z","件数":13}
{"level":"\u001b[32minfo\u001b[39m","message":"明細一覧の取得に成功しました。","timestamp":"2025-06-29T12:04:53.152Z","件数":13}
{"level":"\u001b[32minfo\u001b[39m","message":"明細一覧の取得に成功しました。","timestamp":"2025-06-29T12:05:26.794Z","件数":13}
{"level":"\u001b[32minfo\u001b[39m","message":"明細の取得に成功しました。","timestamp":"2025-06-29T12:05:27.532Z","明細ID":"1"}
{"level":"\u001b[32minfo\u001b[39m","message":"明細一覧の取得に成功しました。","timestamp":"2025-06-29T12:05:39.890Z","件数":13}
{"level":"\u001b[32minfo\u001b[39m","message":"明細の取得に成功しました。","timestamp":"2025-06-29T12:05:43.083Z","明細ID":"1"}
{"level":"\u001b[32minfo\u001b[39m","message":"明細一覧の取得に成功しました。","timestamp":"2025-06-29T12:05:48.081Z","件数":13}
{"level":"\u001b[32minfo\u001b[39m","message":"明細の取得に成功しました。","timestamp":"2025-06-29T12:05:50.743Z","明細ID":"1"}
{"level":"\u001b[32minfo\u001b[39m","message":"明細の取得に成功しました。","timestamp":"2025-06-29T12:07:14.490Z","明細ID":"1"}
{"level":"\u001b[32minfo\u001b[39m","message":"明細の取得に成功しました。","timestamp":"2025-06-29T12:08:10.973Z","明細ID":"1"}
{"level":"\u001b[32minfo\u001b[39m","message":"明細の取得に成功しました。","timestamp":"2025-06-29T12:12:08.249Z","明細ID":"1"}
{"level":"\u001b[32minfo\u001b[39m","message":"明細の取得に成功しました。","timestamp":"2025-06-29T12:24:39.536Z","明細ID":"1"}
{"level":"\u001b[32minfo\u001b[39m","message":"明細一覧の取得に成功しました。","timestamp":"2025-06-29T12:24:41.036Z","件数":13}
{"level":"\u001b[32minfo\u001b[39m","message":"明細の取得に成功しました。","timestamp":"2025-06-29T12:24:42.462Z","明細ID":"1"}
{"level":"\u001b[32minfo\u001b[39m","message":"明細一覧の取得に成功しました。","timestamp":"2025-06-29T12:24:47.511Z","件数":13}
{"level":"\u001b[32minfo\u001b[39m","message":"明細一覧の取得に成功しました。","timestamp":"2025-06-29T12:24:52.815Z","件数":13}
{"level":"\u001b[32minfo\u001b[39m","message":"明細一覧の取得に成功しました。","timestamp":"2025-06-29T12:24:57.511Z","件数":13}
{"level":"\u001b[32minfo\u001b[39m","message":"明細の取得に成功しました。","timestamp":"2025-06-29T12:24:59.369Z","明細ID":"1"}
{"level":"\u001b[32minfo\u001b[39m","message":"明細一覧の取得に成功しました。","timestamp":"2025-06-29T12:25:01.634Z","件数":13}
{"level":"\u001b[32minfo\u001b[39m","message":"明細の取得に成功しました。","timestamp":"2025-06-29T12:25:03.275Z","明細ID":"1"}
{"level":"\u001b[32minfo\u001b[39m","message":"明細の取得に成功しました。","timestamp":"2025-06-29T12:25:55.802Z","明細ID":"1"}
{"level":"\u001b[32minfo\u001b[39m","message":"明細一覧の取得に成功しました。","timestamp":"2025-06-29T12:25:55.839Z","件数":13}
{"level":"\u001b[32minfo\u001b[39m","message":"明細の取得に成功しました。","timestamp":"2025-06-29T12:25:57.118Z","明細ID":"4"}
{"level":"\u001b[32minfo\u001b[39m","message":"明細一覧の取得に成功しました。","timestamp":"2025-06-29T12:25:59.005Z","件数":13}
{"level":"\u001b[32minfo\u001b[39m","message":"明細一覧の取得に成功しました。","timestamp":"2025-06-29T12:26:37.440Z","件数":13}
{"level":"\u001b[32minfo\u001b[39m","message":"明細の取得に成功しました。","timestamp":"2025-06-29T12:26:37.805Z","明細ID":"1"}
{"level":"\u001b[32minfo\u001b[39m","message":"明細一覧の取得に成功しました。","timestamp":"2025-06-29T12:26:39.866Z","件数":13}
{"level":"\u001b[32minfo\u001b[39m","message":"明細の取得に成功しました。","timestamp":"2025-06-29T12:26:42.490Z","明細ID":"1"}
{"level":"\u001b[32minfo\u001b[39m","message":"明細の取得に成功しました。","timestamp":"2025-06-29T12:26:45.320Z","明細ID":"1"}
{"level":"\u001b[32minfo\u001b[39m","message":"明細の取得に成功しました。","timestamp":"2025-06-29T12:31:32.182Z","明細ID":"1"}
{"level":"\u001b[32minfo\u001b[39m","message":"明細の取得に成功しました。","timestamp":"2025-06-29T12:44:01.826Z","明細ID":"1"}
{"level":"\u001b[32minfo\u001b[39m","message":"明細一覧の取得に成功しました。","timestamp":"2025-06-29T12:44:02.094Z","件数":13}
{"level":"\u001b[32minfo\u001b[39m","message":"明細一覧の取得に成功しました。","timestamp":"2025-06-29T12:44:07.804Z","件数":13}
{"level":"\u001b[32minfo\u001b[39m","message":"明細の取得に成功しました。","timestamp":"2025-06-29T12:44:09.873Z","明細ID":"13"}
{"level":"\u001b[32minfo\u001b[39m","message":"明細一覧の取得に成功しました。","timestamp":"2025-06-29T12:44:17.078Z","件数":13}
{"level":"\u001b[32minfo\u001b[39m","message":"明細一覧の取得に成功しました。","timestamp":"2025-06-29T12:44:58.144Z","件数":13}
{"level":"\u001b[32minfo\u001b[39m","message":"明細一覧の取得に成功しました。","timestamp":"2025-06-29T12:44:59.877Z","件数":13}
{"level":"\u001b[32minfo\u001b[39m","message":"明細の取得に成功しました。","timestamp":"2025-06-29T12:45:01.221Z","明細ID":"1"}
{"level":"\u001b[32minfo\u001b[39m","message":"明細の取得に成功しました。","timestamp":"2025-06-29T12:45:18.702Z","明細ID":"1"}
{"level":"\u001b[32minfo\u001b[39m","message":"明細一覧の取得に成功しました。","timestamp":"2025-06-29T12:45:18.719Z","件数":13}
{"level":"\u001b[32minfo\u001b[39m","message":"明細一覧の取得に成功しました。","timestamp":"2025-06-29T12:45:20.854Z","件数":13}
{"level":"\u001b[32minfo\u001b[39m","message":"明細一覧の取得に成功しました。","timestamp":"2025-06-29T12:45:34.417Z","件数":13}
{"level":"\u001b[32minfo\u001b[39m","message":"明細の取得に成功しました。","timestamp":"2025-06-29T12:45:38.243Z","明細ID":"13"}
{"level":"\u001b[32minfo\u001b[39m","message":"明細の取得に成功しました。","timestamp":"2025-06-29T12:47:54.011Z","明細ID":"13"}
{"level":"\u001b[32minfo\u001b[39m","message":"明細一覧の取得に成功しました。","timestamp":"2025-06-29T12:47:57.964Z","件数":13}
{"level":"\u001b[32minfo\u001b[39m","message":"明細の取得に成功しました。","timestamp":"2025-06-29T12:47:58.992Z","明細ID":"13"}
{"level":"\u001b[32minfo\u001b[39m","message":"明細の取得に成功しました。","timestamp":"2025-06-29T12:49:14.383Z","明細ID":"13"}
{"level":"\u001b[32minfo\u001b[39m","message":"明細一覧の取得に成功しました。","timestamp":"2025-06-29T12:49:14.432Z","件数":13}
{"level":"\u001b[32minfo\u001b[39m","message":"明細の取得に成功しました。","timestamp":"2025-06-29T12:49:19.098Z","明細ID":"2"}
{"level":"\u001b[32minfo\u001b[39m","message":"明細の取得に成功しました。","timestamp":"2025-06-29T12:52:47.037Z","明細ID":"2"}
{"level":"\u001b[32minfo\u001b[39m","message":"明細一覧の取得に成功しました。","timestamp":"2025-06-29T12:52:47.074Z","件数":13}
{"level":"\u001b[32minfo\u001b[39m","message":"明細の取得に成功しました。","timestamp":"2025-06-29T12:52:48.784Z","明細ID":"1"}
{"level":"\u001b[32minfo\u001b[39m","message":"明細一覧の取得に成功しました。","timestamp":"2025-06-29T12:52:52.900Z","件数":13}
{"level":"\u001b[32minfo\u001b[39m","message":"明細の取得に成功しました。","timestamp":"2025-06-29T12:52:54.570Z","明細ID":"12"}
{"level":"\u001b[32minfo\u001b[39m","message":"明細の更新に成功しました。","timestamp":"2025-06-29T12:53:04.491Z","明細ID":"12"}
{"level":"\u001b[32minfo\u001b[39m","message":"明細の取得に成功しました。","timestamp":"2025-06-29T12:53:06.684Z","明細ID":"12"}
{"level":"\u001b[32minfo\u001b[39m","message":"明細の取得に成功しました。","timestamp":"2025-06-29T12:53:20.574Z","明細ID":"12"}
{"level":"\u001b[32minfo\u001b[39m","message":"明細一覧の取得に成功しました。","timestamp":"2025-06-29T12:53:22.024Z","件数":13}
{"level":"\u001b[32minfo\u001b[39m","message":"明細一覧の取得に成功しました。","timestamp":"2025-06-29T12:58:03.574Z","件数":13}
{"level":"\u001b[32minfo\u001b[39m","message":"明細の取得に成功しました。","timestamp":"2025-06-29T12:58:04.048Z","明細ID":"11"}
{"level":"\u001b[32minfo\u001b[39m","message":"明細の更新に成功しました。","timestamp":"2025-06-29T12:58:08.944Z","明細ID":"11"}
{"level":"\u001b[32minfo\u001b[39m","message":"明細の取得に成功しました。","timestamp":"2025-06-29T12:58:10.261Z","明細ID":"11"}
{"level":"\u001b[32minfo\u001b[39m","message":"明細一覧の取得に成功しました。","timestamp":"2025-06-29T12:58:25.469Z","件数":13}
{"level":"\u001b[32minfo\u001b[39m","message":"明細一覧の取得に成功しました。","timestamp":"2025-06-29T12:58:29.473Z","件数":13}
{"level":"\u001b[32minfo\u001b[39m","message":"明細一覧の取得に成功しました。","timestamp":"2025-06-29T12:58:33.518Z","件数":13}
{"level":"\u001b[32minfo\u001b[39m","message":"明細一覧の取得に成功しました。","timestamp":"2025-06-29T12:58:41.229Z","件数":13}
{"level":"\u001b[32minfo\u001b[39m","message":"明細一覧の取得に成功しました。","timestamp":"2025-06-29T12:58:41.625Z","件数":13}
{"level":"\u001b[32minfo\u001b[39m","message":"明細一覧の取得に成功しました。","timestamp":"2025-06-29T12:58:46.549Z","件数":13}
{"level":"\u001b[32minfo\u001b[39m","message":"明細一覧の取得に成功しました。","timestamp":"2025-06-29T12:58:51.277Z","件数":13}
{"level":"\u001b[32minfo\u001b[39m","message":"明細一覧の取得に成功しました。","timestamp":"2025-06-29T12:59:21.802Z","件数":13}
{"level":"\u001b[32minfo\u001b[39m","message":"明細一覧の取得に成功しました。","timestamp":"2025-06-29T12:59:25.217Z","件数":13}
{"level":"\u001b[32minfo\u001b[39m","message":"明細一覧の取得に成功しました。","timestamp":"2025-06-29T12:59:28.321Z","件数":13}
{"level":"\u001b[32minfo\u001b[39m","message":"明細一覧の取得に成功しました。","timestamp":"2025-06-29T12:59:34.405Z","件数":13}
{"level":"\u001b[32minfo\u001b[39m","message":"明細一覧の取得に成功しました。","timestamp":"2025-06-29T12:59:37.424Z","件数":13}
{"level":"\u001b[32minfo\u001b[39m","message":"明細一覧の取得に成功しました。","timestamp":"2025-06-29T12:59:44.907Z","件数":13}
{"level":"\u001b[32minfo\u001b[39m","message":"明細一覧の取得に成功しました。","timestamp":"2025-06-29T12:59:45.431Z","件数":13}
{"level":"\u001b[32minfo\u001b[39m","message":"明細一覧の取得に成功しました。","timestamp":"2025-06-29T13:00:50.805Z","件数":13}
{"level":"\u001b[32minfo\u001b[39m","message":"明細の取得に成功しました。","timestamp":"2025-06-29T13:00:51.642Z","明細ID":"1"}
{"level":"\u001b[32minfo\u001b[39m","message":"明細一覧の取得に成功しました。","timestamp":"2025-06-29T13:00:53.427Z","件数":13}
{"level":"\u001b[32minfo\u001b[39m","message":"明細一覧の取得に成功しました。","timestamp":"2025-06-29T13:00:59.342Z","件数":13}
{"level":"\u001b[32minfo\u001b[39m","message":"明細一覧の取得に成功しました。","timestamp":"2025-06-29T13:00:59.750Z","件数":13}
{"level":"\u001b[32minfo\u001b[39m","message":"明細一覧の取得に成功しました。","timestamp":"2025-06-29T13:01:02.302Z","件数":13}
{"level":"\u001b[32minfo\u001b[39m","message":"明細の取得に成功しました。","timestamp":"2025-06-29T13:01:03.614Z","明細ID":"6"}
{"level":"\u001b[32minfo\u001b[39m","message":"明細の削除に成功しました。","timestamp":"2025-06-29T13:01:11.062Z","明細ID":"6"}
{"level":"\u001b[32minfo\u001b[39m","message":"明細一覧の取得に成功しました。","timestamp":"2025-06-29T13:01:12.632Z","件数":12}
{"level":"\u001b[32minfo\u001b[39m","message":"明細一覧の取得に成功しました。","timestamp":"2025-06-29T13:03:04.949Z","件数":12}
{"level":"\u001b[32minfo\u001b[39m","message":"明細の取得に成功しました。","timestamp":"2025-06-29T13:03:05.799Z","明細ID":"11"}
{"level":"\u001b[32minfo\u001b[39m","message":"明細の更新に成功しました。","timestamp":"2025-06-29T13:03:10.508Z","明細ID":"11"}
{"level":"\u001b[32minfo\u001b[39m","message":"明細の取得に成功しました。","timestamp":"2025-06-29T13:03:11.806Z","明細ID":"11"}
{"level":"\u001b[32minfo\u001b[39m","message":"明細一覧の取得に成功しました。","timestamp":"2025-06-29T13:03:11.897Z","件数":12}
{"level":"\u001b[32minfo\u001b[39m","message":"明細一覧の取得に成功しました。","timestamp":"2025-06-29T13:03:18.105Z","件数":12}
{"level":"\u001b[32minfo\u001b[39m","message":"明細の取得に成功しました。","timestamp":"2025-06-29T13:03:19.696Z","明細ID":"11"}
{"level":"\u001b[32minfo\u001b[39m","message":"明細の取得に成功しました。","timestamp":"2025-06-29T13:03:55.902Z","明細ID":"11"}
{"level":"\u001b[32minfo\u001b[39m","message":"明細の更新に成功しました。","timestamp":"2025-06-29T13:03:56.088Z","明細ID":"11"}
{"level":"\u001b[32minfo\u001b[39m","message":"明細一覧の取得に成功しました。","timestamp":"2025-06-29T13:03:57.970Z","件数":12}
{"level":"\u001b[32minfo\u001b[39m","message":"明細一覧の取得に成功しました。","timestamp":"2025-06-29T13:04:20.103Z","件数":12}
{"level":"\u001b[32minfo\u001b[39m","message":"明細一覧の取得に成功しました。","timestamp":"2025-06-29T13:04:20.633Z","件数":12}
{"level":"\u001b[32minfo\u001b[39m","message":"明細一覧の取得に成功しました。","timestamp":"2025-06-29T13:04:24.235Z","件数":12}
{"amount":8900,"level":"\u001b[34mdebug\u001b[39m","message":"明細の新規登録を開始します。","timestamp":"2025-06-29T13:04:41.118Z"}
{"level":"\u001b[32minfo\u001b[39m","message":"明細一覧の取得に成功しました。","timestamp":"2025-06-29T13:04:41.192Z","件数":12}
{"level":"\u001b[32minfo\u001b[39m","message":"明細一覧の取得に成功しました。","timestamp":"2025-06-29T13:07:40.989Z","件数":12}
{"level":"\u001b[32minfo\u001b[39m","message":"明細一覧の取得に成功しました。","timestamp":"2025-06-29T13:11:19.458Z","件数":13}
{"amount":1000,"level":"\u001b[34mdebug\u001b[39m","message":"明細の新規登録を開始します。","timestamp":"2025-06-29T13:11:28.032Z"}
{"level":"\u001b[32minfo\u001b[39m","message":"明細一覧の取得に成功しました。","timestamp":"2025-06-29T13:11:28.097Z","件数":13}
{"level":"\u001b[32minfo\u001b[39m","message":"明細一覧の取得に成功しました。","timestamp":"2025-06-29T13:11:41.291Z","件数":13}
{"level":"\u001b[32minfo\u001b[39m","message":"明細一覧の取得に成功しました。","timestamp":"2025-06-29T13:11:47.181Z","件数":13}
{"level":"\u001b[32minfo\u001b[39m","message":"明細一覧の取得に成功しました。","timestamp":"2025-06-29T13:11:51.829Z","件数":13}
{"level":"\u001b[32minfo\u001b[39m","message":"明細一覧の取得に成功しました。","timestamp":"2025-06-29T13:11:53.974Z","件数":13}
{"amount":1000,"level":"\u001b[34mdebug\u001b[39m","message":"明細の新規登録を開始します。","timestamp":"2025-06-29T13:12:01.517Z"}
{"level":"\u001b[32minfo\u001b[39m","message":"明細一覧の取得に成功しました。","timestamp":"2025-06-29T13:12:01.580Z","件数":13}
{"level":"\u001b[32minfo\u001b[39m","message":"明細一覧の取得に成功しました。","timestamp":"2025-06-29T13:15:05.843Z","件数":13}
{"amount":1000,"level":"\u001b[34mdebug\u001b[39m","message":"明細の新規登録を開始します。","timestamp":"2025-06-29T13:15:14.503Z"}
{"level":"\u001b[32minfo\u001b[39m","message":"明細一覧の取得に成功しました。","timestamp":"2025-06-29T13:15:14.531Z","件数":13}
{"level":"\u001b[32minfo\u001b[39m","message":"明細一覧の取得に成功しました。","timestamp":"2025-06-29T13:17:11.566Z","件数":13}
{"level":"\u001b[32minfo\u001b[39m","message":"明細一覧の取得に成功しました。","timestamp":"2025-06-29T13:17:15.400Z","件数":13}
{"level":"\u001b[32minfo\u001b[39m","message":"明細一覧の取得に成功しました。","timestamp":"2025-06-29T13:17:18.607Z","件数":13}
{"amount":1000,"level":"\u001b[34mdebug\u001b[39m","message":"明細の新規登録を開始します。","timestamp":"2025-06-29T13:17:28.222Z"}
{"level":"\u001b[32minfo\u001b[39m","message":"明細一覧の取得に成功しました。","timestamp":"2025-06-29T13:17:28.267Z","件数":13}
{"level":"\u001b[32minfo\u001b[39m","message":"明細一覧の取得に成功しました。","timestamp":"2025-06-29T13:22:16.358Z","件数":13}
{"amount":1000,"level":"\u001b[34mdebug\u001b[39m","message":"明細の新規登録を開始します。","timestamp":"2025-06-29T13:22:26.074Z"}
{"level":"\u001b[32minfo\u001b[39m","message":"明細一覧の取得に成功しました。","timestamp":"2025-06-29T13:22:26.107Z","件数":13}
{"level":"\u001b[32minfo\u001b[39m","message":"明細一覧の取得に成功しました。","timestamp":"2025-06-29T13:24:55.110Z","件数":13}
{"level":"\u001b[32minfo\u001b[39m","message":"明細一覧の取得に成功しました。","timestamp":"2025-06-29T13:31:01.623Z","件数":13}
{"level":"\u001b[32minfo\u001b[39m","message":"明細一覧の取得に成功しました。","timestamp":"2025-06-30T00:45:58.460Z","件数":13}
{"level":"\u001b[32minfo\u001b[39m","message":"明細一覧の取得に成功しました。","timestamp":"2025-06-30T00:46:01.162Z","件数":13}
{"level":"\u001b[32minfo\u001b[39m","message":"明細一覧の取得に成功しました。","timestamp":"2025-06-30T00:51:33.102Z","件数":13}
{"level":"\u001b[32minfo\u001b[39m","message":"明細一覧の取得に成功しました。","timestamp":"2025-06-30T00:51:36.394Z","件数":13}
{"level":"\u001b[32minfo\u001b[39m","message":"明細一覧の取得に成功しました。","timestamp":"2025-06-30T00:52:19.991Z","件数":13}
{"level":"\u001b[32minfo\u001b[39m","message":"明細一覧の取得に成功しました。","timestamp":"2025-06-30T03:08:58.226Z","件数":13}
{"level":"\u001b[32minfo\u001b[39m","message":"明細一覧の取得に成功しました。","timestamp":"2025-06-30T03:10:31.370Z","件数":13}
{"level":"\u001b[32minfo\u001b[39m","message":"明細一覧の取得に成功しました。","timestamp":"2025-06-30T03:10:35.832Z","件数":13}
{"level":"\u001b[32minfo\u001b[39m","message":"明細一覧の取得に成功しました。","timestamp":"2025-06-30T03:10:39.160Z","件数":13}
{"level":"\u001b[32minfo\u001b[39m","message":"明細一覧の取得に成功しました。","timestamp":"2025-06-30T03:10:41.717Z","件数":13}
{"level":"\u001b[32minfo\u001b[39m","message":"明細一覧の取得に成功しました。","timestamp":"2025-06-30T03:10:45.183Z","件数":13}
{"level":"\u001b[32minfo\u001b[39m","message":"明細一覧の取得に成功しました。","timestamp":"2025-06-30T04:44:21.611Z","件数":13}
{"level":"\u001b[32minfo\u001b[39m","message":"明細一覧の取得に成功しました。","timestamp":"2025-06-30T04:56:17.089Z","件数":13}
{"level":"\u001b[32minfo\u001b[39m","message":"明細一覧の取得に成功しました。","timestamp":"2025-06-30T04:56:26.358Z","件数":13}
{"level":"\u001b[32minfo\u001b[39m","message":"明細一覧の取得に成功しました。","timestamp":"2025-06-30T04:56:30.377Z","件数":13}
{"level":"\u001b[32minfo\u001b[39m","message":"明細一覧の取得に成功しました。","timestamp":"2025-06-30T04:57:34.493Z","件数":13}
{"level":"\u001b[32minfo\u001b[39m","message":"明細一覧の取得に成功しました。","timestamp":"2025-06-30T06:02:23.767Z","件数":13}
{"level":"\u001b[32minfo\u001b[39m","message":"明細一覧の取得に成功しました。","timestamp":"2025-06-30T06:02:26.467Z","件数":13}
{"level":"\u001b[32minfo\u001b[39m","message":"明細の取得に成功しました。","timestamp":"2025-06-30T06:02:42.529Z","明細ID":"1"}
{"level":"\u001b[32minfo\u001b[39m","message":"明細一覧の取得に成功しました。","timestamp":"2025-06-30T06:02:45.075Z","件数":13}
{"level":"\u001b[32minfo\u001b[39m","message":"明細一覧の取得に成功しました。","timestamp":"2025-06-30T06:02:50.154Z","件数":13}
{"level":"\u001b[32minfo\u001b[39m","message":"明細一覧の取得に成功しました。","timestamp":"2025-06-30T06:02:59.293Z","件数":13}
{"level":"\u001b[32minfo\u001b[39m","message":"明細の取得に成功しました。","timestamp":"2025-06-30T06:03:00.916Z","明細ID":"2"}
{"level":"\u001b[32minfo\u001b[39m","message":"明細の更新に成功しました。","timestamp":"2025-06-30T06:03:15.453Z","明細ID":"2"}
{"level":"\u001b[32minfo\u001b[39m","message":"明細一覧の取得に成功しました。","timestamp":"2025-06-30T06:03:17.786Z","件数":13}
{"level":"\u001b[32minfo\u001b[39m","message":"明細の取得に成功しました。","timestamp":"2025-06-30T06:03:20.484Z","明細ID":"2"}
{"level":"\u001b[32minfo\u001b[39m","message":"明細一覧の取得に成功しました。","timestamp":"2025-06-30T06:03:22.912Z","件数":13}
{"level":"\u001b[32minfo\u001b[39m","message":"明細の取得に成功しました。","timestamp":"2025-06-30T06:03:24.901Z","明細ID":"5"}
{"level":"\u001b[32minfo\u001b[39m","message":"明細一覧の取得に成功しました。","timestamp":"2025-06-30T06:03:28.449Z","件数":13}
{"level":"\u001b[32minfo\u001b[39m","message":"明細の取得に成功しました。","timestamp":"2025-06-30T06:03:35.473Z","明細ID":"4"}
{"level":"\u001b[32minfo\u001b[39m","message":"明細一覧の取得に成功しました。","timestamp":"2025-06-30T06:03:36.609Z","件数":13}
{"level":"\u001b[32minfo\u001b[39m","message":"明細の取得に成功しました。","timestamp":"2025-06-30T06:03:44.946Z","明細ID":"8"}
{"level":"\u001b[32minfo\u001b[39m","message":"明細の削除に成功しました。","timestamp":"2025-06-30T06:03:50.165Z","明細ID":"8"}
{"level":"\u001b[32minfo\u001b[39m","message":"明細一覧の取得に成功しました。","timestamp":"2025-06-30T06:03:51.095Z","件数":12}
{"level":"\u001b[32minfo\u001b[39m","message":"明細の取得に成功しました。","timestamp":"2025-06-30T06:03:56.184Z","明細ID":"13"}
{"level":"\u001b[32minfo\u001b[39m","message":"明細の削除に成功しました。","timestamp":"2025-06-30T06:04:02.338Z","明細ID":"13"}
{"level":"\u001b[32minfo\u001b[39m","message":"明細一覧の取得に成功しました。","timestamp":"2025-06-30T06:04:03.356Z","件数":11}
{"level":"\u001b[32minfo\u001b[39m","message":"明細一覧の取得に成功しました。","timestamp":"2025-06-30T06:04:08.712Z","件数":11}
{"amount":3000,"level":"\u001b[34mdebug\u001b[39m","message":"明細の新規登録を開始します。","timestamp":"2025-06-30T06:04:36.300Z"}
{"level":"\u001b[32minfo\u001b[39m","message":"明細一覧の取得に成功しました。","timestamp":"2025-06-30T06:04:36.414Z","件数":11}
{"level":"\u001b[32minfo\u001b[39m","message":"明細一覧の取得に成功しました。","timestamp":"2025-06-30T06:07:10.758Z","件数":11}
{"level":"\u001b[32minfo\u001b[39m","message":"明細一覧の取得に成功しました。","timestamp":"2025-06-30T06:09:34.128Z","件数":11}
{"amount":1000,"level":"\u001b[34mdebug\u001b[39m","message":"明細の新規登録を開始します。","timestamp":"2025-06-30T06:09:45.434Z"}
{"level":"\u001b[32minfo\u001b[39m","message":"明細一覧の取得に成功しました。","timestamp":"2025-06-30T06:09:45.471Z","件数":11}
{"level":"\u001b[32minfo\u001b[39m","message":"明細一覧の取得に成功しました。","timestamp":"2025-06-30T06:09:48.069Z","件数":11}
{"level":"\u001b[32minfo\u001b[39m","message":"明細一覧の取得に成功しました。","timestamp":"2025-06-30T06:11:27.990Z","件数":11}
{"level":"\u001b[32minfo\u001b[39m","message":"明細一覧の取得に成功しました。","timestamp":"2025-06-30T06:11:50.157Z","件数":11}
{"level":"\u001b[32minfo\u001b[39m","message":"明細一覧の取得に成功しました。","timestamp":"2025-06-30T08:10:05.367Z","件数":11}
{"level":"\u001b[32minfo\u001b[39m","message":"明細一覧の取得に成功しました。","timestamp":"2025-06-30T13:07:25.148Z","件数":11}
{"level":"\u001b[32minfo\u001b[39m","message":"明細一覧の取得に成功しました。","timestamp":"2025-06-30T13:07:29.242Z","件数":11}
{"level":"\u001b[32minfo\u001b[39m","message":"明細一覧の取得に成功しました。","timestamp":"2025-06-30T13:07:34.957Z","件数":11}
{"level":"\u001b[32minfo\u001b[39m","message":"明細一覧の取得に成功しました。","timestamp":"2025-06-30T13:08:12.086Z","件数":11}
